\BOOKMARK [0][-]{chapter*.1}{Abstract}{}% 1
\BOOKMARK [0][-]{chapter*.2}{Acknowledgement}{}% 2
\BOOKMARK [0][-]{chapter*.4}{List of Figures}{}% 3
\BOOKMARK [0][-]{chapter*.5}{List of Tables}{}% 4
\BOOKMARK [0][-]{chapter*.5}{Acronyms}{}% 5
\BOOKMARK [0][-]{chapter.1}{Introduction}{}% 6
\BOOKMARK [1][-]{section.1.1}{Clouds in the current climate}{chapter.1}% 7
\BOOKMARK [1][-]{section.1.2}{Clouds in future climates}{chapter.1}% 8
\BOOKMARK [1][-]{section.1.3}{Deep Learning}{chapter.1}% 9
\BOOKMARK [0][-]{chapter.2}{Theoretical Background}{}% 10
\BOOKMARK [1][-]{section.2.1}{Parameterizations of clouds}{chapter.2}% 11
\BOOKMARK [2][-]{subsection.2.1.1}{Parametrizations of clouds Climate models}{section.2.1}% 12
\BOOKMARK [2][-]{subsection.2.1.2}{ERA5}{section.2.1}% 13
\BOOKMARK [2][-]{subsection.2.1.3}{Practical implications}{section.2.1}% 14
\BOOKMARK [1][-]{section.2.2}{Data set and Methods}{chapter.2}% 15
\BOOKMARK [2][-]{subsection.2.2.1}{ERA5}{section.2.2}% 16
\BOOKMARK [2][-]{subsection.2.2.2}{METEOSAT Second Generation - SEVRI}{section.2.2}% 17
\BOOKMARK [2][-]{subsection.2.2.3}{EUMETSAT Cloud Mask}{section.2.2}% 18
\BOOKMARK [2][-]{subsection.2.2.4}{MODIS - If you include comparisons to verify own sat elite computations.}{section.2.2}% 19
\BOOKMARK [2][-]{subsection.2.2.5}{Thoughts when choosing the data set of satellite images}{section.2.2}% 20
\BOOKMARK [2][-]{subsection.2.2.6}{European Cloud Cover}{section.2.2}% 21
\BOOKMARK [1][-]{section.2.3}{Machine learning}{chapter.2}% 22
\BOOKMARK [2][-]{subsection.2.3.1}{Supervised learning}{section.2.3}% 23
\BOOKMARK [2][-]{subsection.2.3.2}{Neural network}{section.2.3}% 24
\BOOKMARK [2][-]{subsection.2.3.3}{Recurrent networks}{section.2.3}% 25
\BOOKMARK [2][-]{subsection.2.3.4}{Metrics}{section.2.3}% 26
\BOOKMARK [2][-]{subsection.2.3.5}{Hyperparameters - Automatic Optimization}{section.2.3}% 27
\BOOKMARK [2][-]{subsection.2.3.6}{Klipp og lim}{section.2.3}% 28
\BOOKMARK [1][-]{section.2.4}{Future work}{chapter.2}% 29
\BOOKMARK [0][-]{chapter.3}{Methods}{}% 30
\BOOKMARK [0][-]{chapter.4}{Results}{}% 31
\BOOKMARK [0][-]{chapter.5}{Conclusions}{}% 32
\BOOKMARK [0][-]{chapter.6}{Discussion - currently inspo}{}% 33
\BOOKMARK [1][-]{section.6.1}{INSPO}{chapter.6}% 34
\BOOKMARK [2][-]{subsection.6.1.1}{NOTES \205 to be removed}{section.6.1}% 35
\BOOKMARK [1][-]{section.6.2}{Good phases}{chapter.6}% 36
\BOOKMARK [0][-]{section.6.2}{Bibliography}{}% 37
\BOOKMARK [0][-]{appendix.A}{Appendix}{}% 38
\BOOKMARK [1][-]{section.A.1}{Section title}{appendix.A}% 39
\BOOKMARK [0][-]{appendix.B}{An additional appendix}{}% 40
